Using pre-set license
Built from '2021.3/release' branch; Version is '2021.3.17f1 (3e8111cac19d) revision 4096273'; Using compiler version '192829333'; Build Type 'Release'
OS: 'Windows 11  (10.0.22621) 64bit Professional' Language: 'ru' Physical Memory: 8059 MB
BatchMode: 1, IsHumanControllingUs: 0, StartBugReporterOnCrash: 0, Is64bit: 1, IsPro: 1

COMMAND LINE ARGUMENTS:
D:\Unity\2021.3.17f1\Editor\Unity.exe
-adb2
-batchMode
-noUpm
-name
AssetImportWorker2
-projectPath
D:/C# & Unity/Games/Game/CyberAdventures
-logFile
Logs/AssetImportWorker2.log
-srvPort
50441
Successfully changed project path to: D:/C# & Unity/Games/Game/CyberAdventures
D:/C# & Unity/Games/Game/CyberAdventures
[UnityMemory] Configuration Parameters - Can be set up in boot.config
    "memorysetup-bucket-allocator-granularity=16"
    "memorysetup-bucket-allocator-bucket-count=8"
    "memorysetup-bucket-allocator-block-size=33554432"
    "memorysetup-bucket-allocator-block-count=8"
    "memorysetup-main-allocator-block-size=16777216"
    "memorysetup-thread-allocator-block-size=16777216"
    "memorysetup-gfx-main-allocator-block-size=16777216"
    "memorysetup-gfx-thread-allocator-block-size=16777216"
    "memorysetup-cache-allocator-block-size=4194304"
    "memorysetup-typetree-allocator-block-size=2097152"
    "memorysetup-profiler-bucket-allocator-granularity=16"
    "memorysetup-profiler-bucket-allocator-bucket-count=8"
    "memorysetup-profiler-bucket-allocator-block-size=33554432"
    "memorysetup-profiler-bucket-allocator-block-count=8"
    "memorysetup-profiler-allocator-block-size=16777216"
    "memorysetup-profiler-editor-allocator-block-size=1048576"
    "memorysetup-temp-allocator-size-main=16777216"
    "memorysetup-job-temp-allocator-block-size=2097152"
    "memorysetup-job-temp-allocator-block-size-background=1048576"
    "memorysetup-job-temp-allocator-reduction-small-platforms=262144"
    "memorysetup-temp-allocator-size-background-worker=32768"
    "memorysetup-temp-allocator-size-job-worker=262144"
    "memorysetup-temp-allocator-size-preload-manager=33554432"
    "memorysetup-temp-allocator-size-nav-mesh-worker=65536"
    "memorysetup-temp-allocator-size-audio-worker=65536"
    "memorysetup-temp-allocator-size-cloud-worker=32768"
    "memorysetup-temp-allocator-size-gi-baking-worker=262144"
    "memorysetup-temp-allocator-size-gfx=262144"
Player connection [4296] Host "[IP] 192.168.0.100 [Port] 0 [Flags] 2 [Guid] 1167600561 [EditorId] 1167600561 [Version] 1048832 [Id] WindowsEditor(7,Stasyn) [Debug] 1 [PackageName] WindowsEditor [ProjectName] Editor" joined multi-casting on [225.0.0.222:54997]...

Player connection [4296] Host "[IP] 192.168.0.100 [Port] 0 [Flags] 2 [Guid] 1167600561 [EditorId] 1167600561 [Version] 1048832 [Id] WindowsEditor(7,Stasyn) [Debug] 1 [PackageName] WindowsEditor [ProjectName] Editor" joined alternative multi-casting on [225.0.0.222:34997]...

Refreshing native plugins compatible for Editor in 152.29 ms, found 5 plugins.
Preloading 0 native plugins for Editor in 0.00 ms.
Initialize engine version: 2021.3.17f1 (3e8111cac19d)
[Subsystems] Discovering subsystems at path D:/Unity/2021.3.17f1/Editor/Data/Resources/UnitySubsystems
[Subsystems] Discovering subsystems at path D:/C# & Unity/Games/Game/CyberAdventures/Assets
GfxDevice: creating device client; threaded=0; jobified=0
Direct3D:
    Version:  Direct3D 11.0 [level 11.1]
    Renderer: NVIDIA GeForce GTX 1650 (ID=0x1f99)
    Vendor:   NVIDIA
    VRAM:     3962 MB
    Driver:   27.21.14.6230
Initialize mono
Mono path[0] = 'D:/Unity/2021.3.17f1/Editor/Data/Managed'
Mono path[1] = 'D:/Unity/2021.3.17f1/Editor/Data/MonoBleedingEdge/lib/mono/unityjit-win32'
Mono config path = 'D:/Unity/2021.3.17f1/Editor/Data/MonoBleedingEdge/etc'
Using monoOptions --debugger-agent=transport=dt_socket,embedding=1,server=y,suspend=n,address=127.0.0.1:56520
Begin MonoManager ReloadAssembly
Registering precompiled unity dll's ...
Register platform support module: D:/Unity/2021.3.17f1/Editor/Data/PlaybackEngines/AndroidPlayer/UnityEditor.Android.Extensions.dll
Register platform support module: D:/Unity/2021.3.17f1/Editor/Data/PlaybackEngines/iOSSupport/UnityEditor.iOS.Extensions.dll
Register platform support module: D:/Unity/2021.3.17f1/Editor/Data/PlaybackEngines/WindowsStandaloneSupport/UnityEditor.WindowsStandalone.Extensions.dll
Registered in 0.004077 seconds.
Native extension for WindowsStandalone target not found
[usbmuxd] Start listen thread
[usbmuxd] Listen thread started
Native extension for iOS target not found
Native extension for Android target not found
Android Extension - Scanning For ADB Devices 383 ms
Refreshing native plugins compatible for Editor in 171.70 ms, found 5 plugins.
Preloading 0 native plugins for Editor in 0.00 ms.
Mono: successfully reloaded assembly
- Completed reload, in  1.499 seconds
Domain Reload Profiling:
	ReloadAssembly (1500ms)
		BeginReloadAssembly (122ms)
			ExecutionOrderSort (0ms)
			DisableScriptedObjects (0ms)
			BackupInstance (0ms)
			ReleaseScriptingObjects (0ms)
			CreateAndSetChildDomain (2ms)
		EndReloadAssembly (1215ms)
			LoadAssemblies (121ms)
			RebuildTransferFunctionScriptingTraits (0ms)
			SetupTypeCache (161ms)
			ReleaseScriptCaches (0ms)
			RebuildScriptCaches (50ms)
			SetupLoadedEditorAssemblies (931ms)
				LogAssemblyErrors (0ms)
				InitializePlatformSupportModulesInManaged (518ms)
				SetLoadedEditorAssemblies (0ms)
				RefreshPlugins (172ms)
				BeforeProcessingInitializeOnLoad (4ms)
				ProcessInitializeOnLoadAttributes (158ms)
				ProcessInitializeOnLoadMethodAttributes (78ms)
				AfterProcessingInitializeOnLoad (0ms)
				EditorAssembliesLoaded (0ms)
			ExecutionOrderSort2 (0ms)
			AwakeInstancesAfterBackupRestoration (0ms)
Platform modules already initialized, skipping
Registering precompiled user dll's ...
Registered in 0.008091 seconds.
Begin MonoManager ReloadAssembly
Symbol file LoadedFromMemory doesn't match image D:\C# & Unity\Games\Game\CyberAdventures\Library\PackageCache\com.unity.visualscripting@1.8.0\Editor\VisualScripting.Core\Dependencies\YamlDotNet\Unity.VisualScripting.YamlDotNet.dll
Symbol file LoadedFromMemory doesn't match image D:\C# & Unity\Games\Game\CyberAdventures\Library\PackageCache\com.unity.visualscripting@1.8.0\Editor\VisualScripting.Core\Dependencies\DotNetZip\Unity.VisualScripting.IonicZip.dll
Native extension for WindowsStandalone target not found
Native extension for iOS target not found
Native extension for Android target not found
Refreshing native plugins compatible for Editor in 4.17 ms, found 5 plugins.
Preloading 0 native plugins for Editor in 0.00 ms.
Mono: successfully reloaded assembly
- Completed reload, in  3.252 seconds
Domain Reload Profiling:
	ReloadAssembly (3256ms)
		BeginReloadAssembly (220ms)
			ExecutionOrderSort (0ms)
			DisableScriptedObjects (16ms)
			BackupInstance (0ms)
			ReleaseScriptingObjects (0ms)
			CreateAndSetChildDomain (60ms)
		EndReloadAssembly (2857ms)
			LoadAssemblies (135ms)
			RebuildTransferFunctionScriptingTraits (0ms)
			SetupTypeCache (477ms)
			ReleaseScriptCaches (8ms)
			RebuildScriptCaches (222ms)
			SetupLoadedEditorAssemblies (1597ms)
				LogAssemblyErrors (0ms)
				InitializePlatformSupportModulesInManaged (109ms)
				SetLoadedEditorAssemblies (1ms)
				RefreshPlugins (4ms)
				BeforeProcessingInitializeOnLoad (313ms)
				ProcessInitializeOnLoadAttributes (1077ms)
				ProcessInitializeOnLoadMethodAttributes (84ms)
				AfterProcessingInitializeOnLoad (7ms)
				EditorAssembliesLoaded (2ms)
			ExecutionOrderSort2 (0ms)
			AwakeInstancesAfterBackupRestoration (25ms)
Platform modules already initialized, skipping
========================================================================
Worker process is ready to serve import requests
Launched and connected shader compiler UnityShaderCompiler.exe after 0.34 seconds
Refreshing native plugins compatible for Editor in 4.92 ms, found 5 plugins.
Preloading 0 native plugins for Editor in 0.00 ms.
Unloading 3741 Unused Serialized files (Serialized files now loaded: 0)
Unloading 43 unused Assets / (184.3 KB). Loaded Objects now: 4199.
Memory consumption went from 137.3 MB to 137.1 MB.
Total: 17.012400 ms (FindLiveObjects: 1.008900 ms CreateObjectMapping: 0.791100 ms MarkObjects: 14.618100 ms  DeleteObjects: 0.579300 ms)

AssetImportParameters requested are different than current active one (requested -> active):
  custom:video-decoder-ogg-theora: a1e56fd34408186e4bbccfd4996cb3dc -> 
  custom:container-muxer-webm: aa71ff27fc2769a1b78a27578f13a17b -> 
  custom:container-demuxer-webm: 4f35f7cbe854078d1ac9338744f61a02 -> 
  custom:video-encoder-webm-vp8: eb34c28f22e8b96e1ab97ce403110664 -> 
  custom:audio-encoder-webm-vorbis: bf7c407c2cedff20999df2af8eb42d56 -> 
  custom:framework-win-MediaFoundation: 216162199b28c13a410421893ffa2e32 -> 
  custom:container-demuxer-ogg: 62fdf1f143b41e24485cea50d1cbac27 -> 
  custom:video-decoder-webm-vp8: 9c59270c3fd7afecdb556c50c9e8de78 -> 
  custom:audio-decoder-ogg-vorbis: bf7c407c2cedff20999df2af8eb42d56 -> 
========================================================================
Received Import Request.
  Time since last request: 3733.682004 seconds.
  path: Assets/Anims/TalkAnims
  artifactKey: Guid(c41f689b729987849b584e325a4ca2bb) Importer(815301076,1909f56bfc062723c751e8b465ee728b)
Start importing Assets/Anims/TalkAnims using Guid(c41f689b729987849b584e325a4ca2bb) Importer(815301076,1909f56bfc062723c751e8b465ee728b)  -> (artifact id: '4d5f87e43bff7c06af9acd633b8dc171') in 0.049376 seconds 
========================================================================
Received Import Request.
  Time since last request: 73.955029 seconds.
  path: Assets/Anims/TalkAnims/canti@Talking.fbx
  artifactKey: Guid(1c39a1974310aaf4d8ee302ba3336a3a) Importer(815301076,1909f56bfc062723c751e8b465ee728b)
Start importing Assets/Anims/TalkAnims/canti@Talking.fbx using Guid(1c39a1974310aaf4d8ee302ba3336a3a) Importer(815301076,1909f56bfc062723c751e8b465ee728b)  -> (artifact id: '656b8e83b2978c8d384b0466e3745fb6') in 0.228189 seconds 
========================================================================
Received Import Request.
  Time since last request: 49.436031 seconds.
  path: Assets/Anims/TalkAnims/Talk01.anim
  artifactKey: Guid(1b897474f764b19418a6b18549cf3393) Importer(815301076,1909f56bfc062723c751e8b465ee728b)
Start importing Assets/Anims/TalkAnims/Talk01.anim using Guid(1b897474f764b19418a6b18549cf3393) Importer(815301076,1909f56bfc062723c751e8b465ee728b)  -> (artifact id: 'b99671d5be29b87d832ccac0b966c05a') in 0.011688 seconds 
========================================================================
Received Import Request.
  Time since last request: 31.023896 seconds.
  path: Assets/Anims/TalkAnims/canti@Talking.controller
  artifactKey: Guid(00d28e591f2ad0d4b8e393c21668ee8b) Importer(815301076,1909f56bfc062723c751e8b465ee728b)
Start importing Assets/Anims/TalkAnims/canti@Talking.controller using Guid(00d28e591f2ad0d4b8e393c21668ee8b) Importer(815301076,1909f56bfc062723c751e8b465ee728b)  -> (artifact id: '4e2d73f1030277d1fc84f3f8e775c224') in 0.003655 seconds 
========================================================================
Received Import Request.
  Time since last request: 68.493901 seconds.
  path: Assets/Anims/TalkAnims/canti@Talking.fbx
  artifactKey: Guid(1c39a1974310aaf4d8ee302ba3336a3a) Importer(815301076,1909f56bfc062723c751e8b465ee728b)
Start importing Assets/Anims/TalkAnims/canti@Talking.fbx using Guid(1c39a1974310aaf4d8ee302ba3336a3a) Importer(815301076,1909f56bfc062723c751e8b465ee728b)  -> (artifact id: '4c68dc9623979945533bd5da91f362a6') in 0.059824 seconds 
========================================================================
Received Import Request.
  Time since last request: 8.792596 seconds.
  path: Assets/Anims/TalkAnims/Talk02.anim
  artifactKey: Guid(3268c0e31faab1e45848802a1234df13) Importer(815301076,1909f56bfc062723c751e8b465ee728b)
Start importing Assets/Anims/TalkAnims/Talk02.anim using Guid(3268c0e31faab1e45848802a1234df13) Importer(815301076,1909f56bfc062723c751e8b465ee728b)  -> (artifact id: '96f0765dfbc17880f51c1b5c5e6ef232') in 0.010074 seconds 
========================================================================
Received Import Request.
  Time since last request: 82.899571 seconds.
  path: Assets/Anims/TalkAnims/canti@Talking.fbx
  artifactKey: Guid(1c39a1974310aaf4d8ee302ba3336a3a) Importer(815301076,1909f56bfc062723c751e8b465ee728b)
Start importing Assets/Anims/TalkAnims/canti@Talking.fbx using Guid(1c39a1974310aaf4d8ee302ba3336a3a) Importer(815301076,1909f56bfc062723c751e8b465ee728b)  -> (artifact id: 'd811f643ac0b794d068fab6b504d60d4') in 0.086403 seconds 
========================================================================
Received Import Request.
  Time since last request: 7.086383 seconds.
  path: Assets/Anims/TalkAnims/Talk03.anim
  artifactKey: Guid(3fbe7d091eab20f469ab6c4bcd44042e) Importer(815301076,1909f56bfc062723c751e8b465ee728b)
Start importing Assets/Anims/TalkAnims/Talk03.anim using Guid(3fbe7d091eab20f469ab6c4bcd44042e) Importer(815301076,1909f56bfc062723c751e8b465ee728b)  -> (artifact id: '1b06f593a6ba045452074a1f1bdbf414') in 0.011582 seconds 
========================================================================
Received Import Request.
  Time since last request: 44.744723 seconds.
  path: Assets/Anims/TalkAnims/Talking.anim
  artifactKey: Guid(7968cb2e173686e49881f34b0e5cdba0) Importer(815301076,1909f56bfc062723c751e8b465ee728b)
Start importing Assets/Anims/TalkAnims/Talking.anim using Guid(7968cb2e173686e49881f34b0e5cdba0) Importer(815301076,1909f56bfc062723c751e8b465ee728b)  -> (artifact id: '233fda863daf61fd46e31ff6a091a143') in 0.008679 seconds 
========================================================================
Received Import Request.
  Time since last request: 5.264047 seconds.
  path: Assets/Anims/TalkAnims/Talk01.anim
  artifactKey: Guid(1b897474f764b19418a6b18549cf3393) Importer(815301076,1909f56bfc062723c751e8b465ee728b)
Start importing Assets/Anims/TalkAnims/Talk01.anim using Guid(1b897474f764b19418a6b18549cf3393) Importer(815301076,1909f56bfc062723c751e8b465ee728b)  -> (artifact id: '51b0e7301a78974af9501e21b3dd6c9c') in 0.008129 seconds 
========================================================================
Received Import Request.
  Time since last request: 51.726947 seconds.
  path: Assets/Anims/TalkAnims/Talk02.anim
  artifactKey: Guid(3268c0e31faab1e45848802a1234df13) Importer(815301076,1909f56bfc062723c751e8b465ee728b)
Start importing Assets/Anims/TalkAnims/Talk02.anim using Guid(3268c0e31faab1e45848802a1234df13) Importer(815301076,1909f56bfc062723c751e8b465ee728b)  -> (artifact id: '59a16378e06c8ffe6cf9116b0c4dd12c') in 0.002238 seconds 
========================================================================
Received Import Request.
  Time since last request: 76.266280 seconds.
  path: Assets/Anims/TalkAnims/canti@Talking 1.controller
  artifactKey: Guid(632a8970e70fa2848b4e13df5a2448ac) Importer(815301076,1909f56bfc062723c751e8b465ee728b)
Start importing Assets/Anims/TalkAnims/canti@Talking 1.controller using Guid(632a8970e70fa2848b4e13df5a2448ac) Importer(815301076,1909f56bfc062723c751e8b465ee728b)  -> (artifact id: '2b1200918f67383e005b58c2f9bece4b') in 0.008922 seconds 
========================================================================
Received Import Request.
  Time since last request: 13.595782 seconds.
  path: Assets/Anims
  artifactKey: Guid(e401dfc5067c75e41acaeaabb3d23d53) Importer(815301076,1909f56bfc062723c751e8b465ee728b)
Start importing Assets/Anims using Guid(e401dfc5067c75e41acaeaabb3d23d53) Importer(815301076,1909f56bfc062723c751e8b465ee728b)  -> (artifact id: '1bc0ef63650c4380874082616e79a30c') in 0.010871 seconds 
========================================================================
Received Import Request.
  Time since last request: 7.515620 seconds.
  path: Assets/Anims/New Animation.anim
  artifactKey: Guid(e6fed73946b225c4ebbcd025b875404c) Importer(815301076,1909f56bfc062723c751e8b465ee728b)
Start importing Assets/Anims/New Animation.anim using Guid(e6fed73946b225c4ebbcd025b875404c) Importer(815301076,1909f56bfc062723c751e8b465ee728b)  -> (artifact id: '859909f7cbd916bd6e0e15a63f80e1b7') in 0.007453 seconds 
========================================================================
Received Import Request.
  Time since last request: 13.259664 seconds.
  path: Assets/Anims/New Folder
  artifactKey: Guid(dace440c59a732f45a473e879abb9741) Importer(815301076,1909f56bfc062723c751e8b465ee728b)
Start importing Assets/Anims/New Folder using Guid(dace440c59a732f45a473e879abb9741) Importer(815301076,1909f56bfc062723c751e8b465ee728b)  -> (artifact id: '4ce1a2d48fec5848045707796debd25e') in 0.010863 seconds 
========================================================================
Received Import Request.
  Time since last request: 8.524203 seconds.
  path: Assets/Anims/Idle
  artifactKey: Guid(dace440c59a732f45a473e879abb9741) Importer(815301076,1909f56bfc062723c751e8b465ee728b)
Start importing Assets/Anims/Idle using Guid(dace440c59a732f45a473e879abb9741) Importer(815301076,1909f56bfc062723c751e8b465ee728b)  -> (artifact id: '8692ab881e756282e5cd6f8db1dcf6f7') in 0.006364 seconds 
========================================================================
Received Import Request.
  Time since last request: 47.976296 seconds.
  path: Assets/Anims/Idle/canti@Neutral Idle.fbx
  artifactKey: Guid(3fe43cede1dce0443ad64588d529c295) Importer(815301076,1909f56bfc062723c751e8b465ee728b)
Start importing Assets/Anims/Idle/canti@Neutral Idle.fbx using Guid(3fe43cede1dce0443ad64588d529c295) Importer(815301076,1909f56bfc062723c751e8b465ee728b)  -> (artifact id: 'eabca1e27577e882527a9e595a60ded9') in 0.084013 seconds 
========================================================================
Received Import Request.
  Time since last request: 4.755373 seconds.
  path: Assets/Anims/Idle/Idle.anim
  artifactKey: Guid(1cf6d6d167ae56642bc18aa62132b72a) Importer(815301076,1909f56bfc062723c751e8b465ee728b)
Start importing Assets/Anims/Idle/Idle.anim using Guid(1cf6d6d167ae56642bc18aa62132b72a) Importer(815301076,1909f56bfc062723c751e8b465ee728b)  -> (artifact id: '693f28cf0d9b9de4c7dbab4a159b85ae') in 0.002412 seconds 
